[debug] [2023-10-03T16:44:48.320Z] ----------------------------------------------------------------------
[debug] [2023-10-03T16:44:48.322Z] Command:       /usr/local/bin/node /usr/local/bin/firebase init
[debug] [2023-10-03T16:44:48.322Z] CLI Version:   12.6.1
[debug] [2023-10-03T16:44:48.323Z] Platform:      darwin
[debug] [2023-10-03T16:44:48.323Z] Node Version:  v18.17.1
[debug] [2023-10-03T16:44:48.324Z] Time:          Tue Oct 03 2023 10:44:48 GMT-0600 (Central Standard Time)
[debug] [2023-10-03T16:44:48.325Z] ----------------------------------------------------------------------
[debug] 
[debug] [2023-10-03T16:44:48.409Z] > command requires scopes: ["email","openid","https://www.googleapis.com/auth/cloudplatformprojects.readonly","https://www.googleapis.com/auth/firebase","https://www.googleapis.com/auth/cloud-platform"]
[debug] [2023-10-03T16:44:48.409Z] > authorizing via signed-in user (daphne.ari.b@gmail.com)
[info] 
     ######## #### ########  ######## ########     ###     ######  ########
     ##        ##  ##     ## ##       ##     ##  ##   ##  ##       ##
     ######    ##  ########  ######   ########  #########  ######  ######
     ##        ##  ##    ##  ##       ##     ## ##     ##       ## ##
     ##       #### ##     ## ######## ########  ##     ##  ######  ########

You're about to initialize a Firebase project in this directory:

  /Users/dboni0907/Documents/GitHub/expense-tracker

Before we get started, keep in mind:

  * You are initializing within an existing Firebase project directory

[info] 
=== Project Setup
[info] 
[info] First, let's associate this project directory with a Firebase project.
[info] You can create multiple project aliases by running firebase use --add, 
[info] but for now we'll just set up a default project.
[info] 
[debug] [2023-10-03T16:45:30.423Z] Using project from CLI flag: expense-tracker-ff66e
[debug] [2023-10-03T16:45:30.426Z] > refreshing access token with scopes: []
[debug] [2023-10-03T16:45:30.430Z] >>> [apiv2][query] POST https://www.googleapis.com/oauth2/v3/token [none]
[debug] [2023-10-03T16:45:30.430Z] >>> [apiv2][body] POST https://www.googleapis.com/oauth2/v3/token [omitted]
[debug] [2023-10-03T16:45:31.070Z] <<< [apiv2][status] POST https://www.googleapis.com/oauth2/v3/token 200
[debug] [2023-10-03T16:45:31.070Z] <<< [apiv2][body] POST https://www.googleapis.com/oauth2/v3/token [omitted]
[debug] [2023-10-03T16:45:31.116Z] >>> [apiv2][query] GET https://firebase.googleapis.com/v1beta1/projects/expense-tracker-ff66e [none]
[debug] [2023-10-03T16:45:32.019Z] <<< [apiv2][status] GET https://firebase.googleapis.com/v1beta1/projects/expense-tracker-ff66e 200
[debug] [2023-10-03T16:45:32.019Z] <<< [apiv2][body] GET https://firebase.googleapis.com/v1beta1/projects/expense-tracker-ff66e {"projectId":"expense-tracker-ff66e","projectNumber":"836489143051","displayName":"expense-tracker","name":"projects/expense-tracker-ff66e","resources":{"hostingSite":"expense-tracker-ff66e","realtimeDatabaseInstance":"expense-tracker-ff66e-default-rtdb"},"state":"ACTIVE","etag":"1_f72a6b8b-33ed-4a00-ba38-7db2efb1788d"}
[info] i  Using project expense-tracker-ff66e (expense-tracker) 
[info] 
=== Hosting Setup
[info] 
[info] Your public directory is the folder (relative to your project directory) that
[info] will contain Hosting assets to be uploaded with firebase deploy. If you
[info] have a build process for your assets, use your build's output directory.
[info] 
[info] i  Skipping write of build/404.html 
[debug] [2023-10-03T16:47:16.757Z] >>> [apiv2][query] GET https://www.gstatic.com/firebasejs/releases.json [none]
[debug] [2023-10-03T16:47:17.404Z] <<< [apiv2][status] GET https://www.gstatic.com/firebasejs/releases.json 200
[debug] [2023-10-03T16:47:17.404Z] <<< [apiv2][body] GET https://www.gstatic.com/firebasejs/releases.json {"current":{"version":"10.4.0","browserURL":"https://www.gstatic.com/firebasejs/10.4.0/firebase.js","packageURL":"https://www.gstatic.com/firebasejs/10.4.0/firebase.tgz"},"live":{"version":"10.4","browserURL":"https://www.gstatic.com/firebasejs/live/10.4/firebase.js","packageURL":"https://www.gstatic.com/firebasejs/live/10.4/firebase.tgz"},"components":{"analytics":"https://www.gstatic.com/firebasejs/10.4.0/firebase-analytics.js","app":"https://www.gstatic.com/firebasejs/10.4.0/firebase-app.js","app-check":"https://www.gstatic.com/firebasejs/10.4.0/firebase-app-check.js","auth":"https://www.gstatic.com/firebasejs/10.4.0/firebase-auth.js","auth/cordova":"https://www.gstatic.com/firebasejs/10.4.0/firebase-auth/cordova.js","functions":"https://www.gstatic.com/firebasejs/10.4.0/firebase-functions.js","firestore":"https://www.gstatic.com/firebasejs/10.4.0/firebase-firestore.js","firestore/lite":"https://www.gstatic.com/firebasejs/10.4.0/firebase-firestore/lite.js","installations":"https://www.gstatic.com/firebasejs/10.4.0/firebase-installations.js","storage":"https://www.gstatic.com/firebasejs/10.4.0/firebase-storage.js","performance":"https://www.gstatic.com/firebasejs/10.4.0/firebase-performance.js","remote-config":"https://www.gstatic.com/firebasejs/10.4.0/firebase-remote-config.js","messaging":"https://www.gstatic.com/firebasejs/10.4.0/firebase-messaging.js","messaging/sw":"https://www.gstatic.com/firebasejs/10.4.0/firebase-messaging/sw.js","database":"https://www.gstatic.com/firebasejs/10.4.0/firebase-database.js","firestore.memory":"https://www.gstatic.com/firebasejs/10.4.0/firebase-firestore.memory.js"}}
[info] i  Skipping write of build/index.html 
[info] 
[info] i  Detected a .git folder at /Users/dboni0907/Documents/GitHub/expense-tracker 
[info] i  Authorizing with GitHub to upload your service account to a GitHub repository's secrets store. 
[info] 
[info] Visit this URL on this device to log in:
[info] https://github.com/login/oauth/authorize?client_id=89cf50f02ac6aaed3484&state=813400726&redirect_uri=http%3A%2F%2Flocalhost%3A9005&scope=read%3Auser%20repo%20public_repo
[info] 
[info] Waiting for authentication...
[debug] [2023-10-03T16:47:32.196Z] >>> [apiv2][query] POST https://github.com/login/oauth/access_token [none]
[debug] [2023-10-03T16:47:32.196Z] >>> [apiv2][body] POST https://github.com/login/oauth/access_token [stream]
[debug] [2023-10-03T16:47:32.789Z] <<< [apiv2][status] POST https://github.com/login/oauth/access_token 200
[debug] [2023-10-03T16:47:32.789Z] <<< [apiv2][body] POST https://github.com/login/oauth/access_token {"access_token":"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","token_type":"bearer","scope":"read:user,repo"}
[debug] [2023-10-03T16:47:32.799Z] >>> [apiv2][query] GET https://api.github.com/user [none]
[debug] [2023-10-03T16:47:33.455Z] <<< [apiv2][status] GET https://api.github.com/user 200
[debug] [2023-10-03T16:47:33.456Z] <<< [apiv2][body] GET https://api.github.com/user {"login":"Daphne271991","id":134757720,"node_id":"U_kgDOCAg9WA","avatar_url":"https://avatars.githubusercontent.com/u/134757720?v=4","gravatar_id":"","url":"https://api.github.com/users/Daphne271991","html_url":"https://github.com/Daphne271991","followers_url":"https://api.github.com/users/Daphne271991/followers","following_url":"https://api.github.com/users/Daphne271991/following{/other_user}","gists_url":"https://api.github.com/users/Daphne271991/gists{/gist_id}","starred_url":"https://api.github.com/users/Daphne271991/starred{/owner}{/repo}","subscriptions_url":"https://api.github.com/users/Daphne271991/subscriptions","organizations_url":"https://api.github.com/users/Daphne271991/orgs","repos_url":"https://api.github.com/users/Daphne271991/repos","events_url":"https://api.github.com/users/Daphne271991/events{/privacy}","received_events_url":"https://api.github.com/users/Daphne271991/received_events","type":"User","site_admin":false,"name":null,"company":null,"blog":"","location":null,"email":null,"hireable":null,"bio":null,"twitter_username":null,"public_repos":16,"public_gists":0,"followers":0,"following":0,"created_at":"2023-05-27T03:49:52Z","updated_at":"2023-10-03T03:43:50Z","private_gists":0,"total_private_repos":11,"owned_private_repos":11,"disk_usage":129723,"collaborators":0,"two_factor_authentication":false,"plan":{"name":"free","space":976562499,"collaborators":0,"private_repos":10000}}
[info] 
[info] ✔  Success! Logged into GitHub as Daphne271991 
[info] 
